Arguments: 
  /usr/bin/nodejs /usr/share/yarn/bin/yarn.js add commander

PATH: 
  /home/jie/bin:/home/jie/.local/bin:/home/jie/bin:/home/jie/.local/bin:/usr/local/sbin:/usr/local/bin:/usr/sbin:/usr/bin:/sbin:/bin:/usr/games:/usr/local/games:/snap/bin:/snap/bin

Yarn version: 
  0.27.5

Node version: 
  6.11.2

Platform: 
  linux x64

npm manifest: 
  {
    "name": "yamu",
    "version": "0.0.4",
    "description": "",
    "main": "index.js",
    "bin": "bin/new",
    "scripts": {
      "test": "echo \"Error: no test specified\" && exit 1"
    },
    "author": "elona2011",
    "license": "ISC"
  }

yarn manifest: 
  No manifest

Lockfile: 
  No lockfile

Trace: 
  Error: https://registry.yarnpkg.com/commander: ETIMEDOUT
      at Timeout._onTimeout (/usr/share/yarn/lib/yarn-cli.js:114906:19)
      at ontimeout (timers.js:386:14)
      at tryOnTimeout (timers.js:250:5)
      at Timer.listOnTimeout (timers.js:214:5)
